#-----------------------------------------------------------
# Vivado v2016.2 (64-bit)
# SW Build 1577090 on Thu Jun  2 16:32:40 MDT 2016
# IP Build 1577682 on Fri Jun  3 12:00:54 MDT 2016
# Start of session at: Sat Jan 23 21:20:48 2021
# Process ID: 16980
# Current directory: F:/Vivadoprojects/mips32multi
# Command line: vivado.exe -gui_launcher_event rodinguilauncherevent5528 F:\Vivadoprojects\mips32multi\mips32multi.xpr
# Log file: F:/Vivadoprojects/mips32multi/vivado.log
# Journal file: F:/Vivadoprojects/mips32multi\vivado.jou
#-----------------------------------------------------------
start_gui
open_project F:/Vivadoprojects/mips32multi/mips32multi.xpr
Scanning sources...
Finished scanning sources
INFO: [IP_Flow 19-234] Refreshing IP repositories
INFO: [IP_Flow 19-1704] No user IP repositories specified
INFO: [IP_Flow 19-2313] Loaded Vivado IP repository 'C:/Xilinx/Vivado/2016.2/data/ip'.
update_compile_order -fileset sources_1
launch_simulation
INFO: [USF-XSim-27] Simulation object is 'sim_1'
INFO: [USF-XSim-37] Inspecting design source files for 'mips' in fileset 'sim_1'...
INFO: [USF-XSim-25] Exported 'F:/Vivadoprojects/mips32multi/mips32multi.sim/sim_1/behav/instructions.mem'
INFO: [USF-XSim-25] Exported 'F:/Vivadoprojects/mips32multi/mips32multi.sim/sim_1/behav/instructions.mem'
INFO: [USF-XSim-97] Finding global include files...
INFO: [USF-XSim-98] Fetching design files from 'sim_1'...
INFO: [USF-XSim-2] XSim::Compile design
INFO: [USF-XSim-61] Executing 'COMPILE and ANALYZE' step in 'F:/Vivadoprojects/mips32multi/mips32multi.sim/sim_1/behav'
"xvlog -m64 --relax -prj mips_vlog.prj"
INFO: [VRFC 10-2263] Analyzing Verilog file "F:/Vivadoprojects/mips32multi/mips32multi.srcs/sources_1/new/datapath.v" into library xil_defaultlib
INFO: [VRFC 10-311] analyzing module datapath
INFO: [VRFC 10-2263] Analyzing Verilog file "F:/Vivadoprojects/mips32multi/mips32multi.srcs/sources_1/new/control.v" into library xil_defaultlib
INFO: [VRFC 10-311] analyzing module control
INFO: [VRFC 10-2263] Analyzing Verilog file "F:/Vivadoprojects/mips32multi/mips32multi.srcs/sources_1/new/alucontrol.v" into library xil_defaultlib
INFO: [VRFC 10-311] analyzing module alucontrol
INFO: [VRFC 10-2263] Analyzing Verilog file "F:/Vivadoprojects/mips32multi/mips32multi.srcs/sources_1/new/mips.v" into library xil_defaultlib
INFO: [VRFC 10-311] analyzing module mips
INFO: [VRFC 10-2458] undeclared symbol MemtoReg, assumed default net type wire [F:/Vivadoprojects/mips32multi/mips32multi.srcs/sources_1/new/mips.v:22]
INFO: [VRFC 10-2263] Analyzing Verilog file "F:/Vivadoprojects/mips32multi/mips32multi.sim/sim_1/behav/glbl.v" into library xil_defaultlib
INFO: [VRFC 10-311] analyzing module glbl
INFO: [USF-XSim-69] 'compile' step finished in '1' seconds
INFO: [USF-XSim-3] XSim::Elaborate design
INFO: [USF-XSim-61] Executing 'ELABORATE' step in 'F:/Vivadoprojects/mips32multi/mips32multi.sim/sim_1/behav'
Vivado Simulator 2016.2
Copyright 1986-1999, 2001-2016 Xilinx, Inc. All Rights Reserved.
Running: C:/Xilinx/Vivado/2016.2/bin/unwrapped/win64.o/xelab.exe -wto 30e84de04b314bba9af567b9f89a1d31 --debug typical --relax --mt 2 -L xil_defaultlib -L unisims_ver -L unimacro_ver -L secureip --snapshot mips_behav xil_defaultlib.mips xil_defaultlib.glbl -log elaborate.log 
Using 2 slave threads.
Starting static elaboration
Completed static elaboration
Starting simulation data flow analysis
WARNING: [XSIM 43-4100] "F:/Vivadoprojects/mips32multi/mips32multi.sim/sim_1/behav/glbl.v" Line 6. Module glbl has a timescale but at least one module in design doesn't have timescale.
WARNING: [XSIM 43-4100] "F:/Vivadoprojects/mips32multi/mips32multi.sim/sim_1/behav/glbl.v" Line 6. Module glbl has a timescale but at least one module in design doesn't have timescale.
Completed simulation data flow analysis
Time Resolution for simulation is 1ps
Compiling module xil_defaultlib.control
Compiling module xil_defaultlib.alucontrol
Compiling module xil_defaultlib.datapath
Compiling module xil_defaultlib.mips
Compiling module xil_defaultlib.glbl
Built simulation snapshot mips_behav

****** Webtalk v2016.2 (64-bit)
  **** SW Build 1577090 on Thu Jun  2 16:32:40 MDT 2016
  **** IP Build 1577682 on Fri Jun  3 12:00:54 MDT 2016
    ** Copyright 1986-2016 Xilinx, Inc. All Rights Reserved.

source F:/Vivadoprojects/mips32multi/mips32multi.sim/sim_1/behav/xsim.dir/mips_behav/webtalk/xsim_webtalk.tcl -notrace
INFO: [Common 17-206] Exiting Webtalk at Sat Jan 23 21:21:04 2021...
INFO: [USF-XSim-69] 'elaborate' step finished in '2' seconds
INFO: [USF-XSim-4] XSim::Simulate design
INFO: [USF-XSim-61] Executing 'SIMULATE' step in 'F:/Vivadoprojects/mips32multi/mips32multi.sim/sim_1/behav'
INFO: [USF-XSim-98] *** Running xsim
   with args "mips_behav -key {Behavioral:sim_1:Functional:mips} -tclbatch {mips.tcl} -log {simulate.log}"
INFO: [USF-XSim-8] Loading simulator feature
Vivado Simulator 2016.2
Time resolution is 1 ps
source mips.tcl
# set curr_wave [current_wave_config]
# if { [string length $curr_wave] == 0 } {
#   if { [llength [get_objects]] > 0} {
#     add_wave /
#     set_property needs_save false [current_wave_config]
#   } else {
#      send_msg_id Add_Wave-1 WARNING "No top level signals found. Simulator will start without a wave window. If you want to open a wave window go to 'File->New Waveform Configuration' or type 'create_wave_config' in the TCL console."
#   }
# }
# run 10000ns
INFO: [USF-XSim-96] XSim completed. Design snapshot 'mips_behav' loaded.
INFO: [USF-XSim-97] XSim simulation ran for 10000ns
launch_simulation: Time (s): cpu = 00:00:03 ; elapsed = 00:00:06 . Memory (MB): peak = 823.902 ; gain = 9.488
close_sim
INFO: [Simtcl 6-16] Simulation closed
exit
INFO: [Common 17-206] Exiting Vivado at Sat Jan 23 21:23:22 2021...
