Unable to capture context for thread 12604 in process 5576, can not generate back trace
Unable to capture context for thread 23388 in process 5576, can not generate back trace
Unable to capture context for thread 7404 in process 5576, can not generate back trace
Unable to capture context for thread 22940 in process 5576, can not generate back trace
Exception at PC 0x00007FF80868D759
Unable to capture context for thread 12604 in process 5576, can not generate back trace
Unable to capture context for thread 13564 in process 5576, can not generate back trace
Unable to capture context for thread 6192 in process 5576, can not generate back trace
Exception at PC 0x00007FF80868D759
Unable to capture context for thread 12604 in process 5576, can not generate back trace
Unable to capture context for thread 6192 in process 5576, can not generate back trace
Exception at PC 0x00007FFF8749BB93
Printing stacktrace...

Exception at PC 0x00007FF80868D759
Exception at PC 0x00007FF80868D759
Exception at PC 0x00007FF80868D759
Exception at PC 0x00007FF80868D759
Exception at PC 0x00007FF80868D759
Exception at PC 0x00007FF80868D759
Exception at PC 0x00007FF80868D759
Exception at PC 0x00007FF80868D759
Exception at PC 0x00007FF80868D759
[0]  [0x00007FFF8749BB93]
[1]  [0x00007FFF8749BB93]
[2]  [0x00007FFF8749B4A1]
[3]  [0x00007FFF8749B3EF]
[4]  [0x00007FFF874819FE]
[5]  [0x00007FFF87480ED1]
[6]  [0x00007FFF87480D76]
[7]  [0x00007FFF874279F6]
[8]  [0x00007FFF87417AFB]
[9]  [0x00007FFF8753E90A]
[10]  [0x00007FFF87559F87]
[11]  [0x00007FFF8755A05F]
[12] (BaseThreadInitThunk+0x14) [0x00007FF808D07034]
[13] (RtlUserThreadStart+0x21) [0x00007FF80A97D0D1]
Done
Exception at PC 0x00007FF80868D759
Exception at PC 0x00007FF80868D759
Exception at PC 0x00007FF80868D759
Exception at PC 0x00007FF80868D759
Exception at PC 0x00007FF80868D759
Exception at PC 0x00007FF80868D759
Exception at PC 0x00007FF80868D759
